<?xml version="1.0" encoding="utf-8"?><testsuites name="pytest tests"><testsuite name="pytest" errors="0" failures="0" skipped="0" tests="69" time="9.654" timestamp="2026-08-24T07:43:55.131553+00:00" hostname="agent-env-11e8670e-aee5-46ba-9444-861f60c4cc97"><testcase classname="tests.test_api.TestHealth" name="test_health" time="0.115" /><testcase classname="tests.test_api.TestHealth" name="test_sitemap" time="0.027" /><testcase classname="tests.test_api.TestHealth" name="test_robots" time="0.071" /><testcase classname="tests.test_api.TestAuth" name="test_login_success_sets_cookies_and_token" time="0.314" /><testcase classname="tests.test_api.TestAuth" name="test_me_with_bearer" time="0.352" /><testcase classname="tests.test_api.TestAuth" name="test_me_unauthenticated" time="0.060" /><testcase classname="tests.test_api.TestAuth" name="test_me_invalid_token" time="0.100" /><testcase classname="tests.test_api.TestAuth" name="test_wrong_password_401" time="0.074" /><testcase classname="tests.test_api.TestAuth" name="test_bruteforce_lockout" time="0.797" /><testcase classname="tests.test_api.TestAuth" name="test_logout" time="0.322" /><testcase classname="tests.test_api.TestAuth" name="test_forgot_password_no_enumeration" time="0.081" /><testcase classname="tests.test_api.TestServices" name="test_public_services" time="0.028" /><testcase classname="tests.test_api.TestServices" name="test_get_service_by_slug" time="0.027" /><testcase classname="tests.test_api.TestServices" name="test_get_service_404" time="0.027" /><testcase classname="tests.test_api.TestServices" name="test_admin_service_requires_auth" time="0.075" /><testcase classname="tests.test_api.TestServices" name="test_service_crud" time="0.273" /><testcase classname="tests.test_api.TestFaqs" name="test_public_faqs" time="0.025" /><testcase classname="tests.test_api.TestFaqs" name="test_faq_category_filter" time="0.032" /><testcase classname="tests.test_api.TestFaqs" name="test_faq_crud" time="0.268" /><testcase classname="tests.test_api.TestReviews" name="test_public_reviews_shape" time="0.029" /><testcase classname="tests.test_api.TestReviews" name="test_review_crud_and_public_visibility" time="0.185" /><testcase classname="tests.test_api.TestReviews" name="test_review_rating_validation" time="0.070" /><testcase classname="tests.test_api.TestRepairs" name="test_create_repair_and_admin_flow" time="0.402" /><testcase classname="tests.test_api.TestRepairs" name="test_repair_without_consent_400" time="0.025" /><testcase classname="tests.test_api.TestRepairs" name="test_repair_honeypot_400" time="0.026" /><testcase classname="tests.test_api.TestRepairs" name="test_repair_invalid_email_422" time="0.065" /><testcase classname="tests.test_api.TestRepairs" name="test_admin_repairs_requires_auth" time="0.062" /><testcase classname="tests.test_api.TestContact" name="test_contact_create_and_admin" time="0.265" /><testcase classname="tests.test_api.TestContact" name="test_contact_no_consent" time="0.065" /><testcase classname="tests.test_api.TestContact" name="test_contact_honeypot" time="0.067" /><testcase classname="tests.test_api.TestConfigurator" name="test_ps5_config" time="0.030" /><testcase classname="tests.test_api.TestConfigurator" name="test_pc_config" time="0.026" /><testcase classname="tests.test_api.TestConfigurator" name="test_unknown_configurator" time="0.027" /><testcase classname="tests.test_api.TestConfigurator" name="test_save_and_fetch_config" time="0.137" /><testcase classname="tests.test_api.TestConfigurator" name="test_saved_config_404" time="0.068" /><testcase classname="tests.test_api.TestConfigurator" name="test_admin_configurator_lists" time="0.146" /><testcase classname="tests.test_api.TestConfigurator" name="test_admin_option_crud" time="0.211" /><testcase classname="tests.test_api.TestDolibarr" name="test_status" time="0.038" /><testcase classname="tests.test_api.TestDolibarr" name="test_sync_demo" time="0.033" /><testcase classname="tests.test_api.TestDolibarr" name="test_products_empty" time="0.069" /><testcase classname="tests.test_api.TestDolibarr" name="test_requires_auth" time="0.092" /><testcase classname="tests.test_api.TestMedia" name="test_upload_list_serve_delete" time="0.393" /><testcase classname="tests.test_api.TestMedia" name="test_reject_non_image" time="0.118" /><testcase classname="tests.test_api.TestMedia" name="test_public_repair_attachment" time="0.155" /><testcase classname="tests.test_api.TestMedia" name="test_media_404" time="0.073" /><testcase classname="tests.test_api.TestMedia" name="test_path_traversal_blocked" time="0.071" /><testcase classname="tests.test_api.TestSettings" name="test_public_settings_no_secrets" time="0.027" /><testcase classname="tests.test_api.TestSettings" name="test_admin_settings_update" time="0.249" /><testcase classname="tests.test_api.TestSettings" name="test_admin_settings_requires_auth" time="0.095" /><testcase classname="tests.test_api.TestDashboard" name="test_dashboard" time="0.083" /><testcase classname="tests.test_api.TestDashboard" name="test_dashboard_requires_auth" time="0.061" /><testcase classname="tests.test_regression_iter2.TestLockout" name="test_real_admin_lockout_then_recovery" time="1.981" /><testcase classname="tests.test_regression_iter2.TestAuthPlaybook" name="test_bcrypt_hash_format" time="0.005" /><testcase classname="tests.test_regression_iter2.TestAuthPlaybook" name="test_login_sets_httponly_cookies" time="0.300" /><testcase classname="tests.test_regression_iter2.TestAuthPlaybook" name="test_cors_allows_credentials_with_origin" time="0.002" /><testcase classname="tests.test_regression_iter2.TestAdminIdGuards" name="test_put_unknown_id_404[services]" time="0.073" /><testcase classname="tests.test_regression_iter2.TestAdminIdGuards" name="test_put_unknown_id_404[faqs]" time="0.068" /><testcase classname="tests.test_regression_iter2.TestAdminIdGuards" name="test_put_unknown_id_404[reviews]" time="0.033" /><testcase classname="tests.test_regression_iter2.TestAdminIdGuards" name="test_put_malformed_id_400[services]" time="0.031" /><testcase classname="tests.test_regression_iter2.TestAdminIdGuards" name="test_put_malformed_id_400[faqs]" time="0.074" /><testcase classname="tests.test_regression_iter2.TestAdminIdGuards" name="test_put_malformed_id_400[reviews]" time="0.069" /><testcase classname="tests.test_regression_iter2.TestAdminIdGuards" name="test_delete_unknown_id_404[services]" time="0.071" /><testcase classname="tests.test_regression_iter2.TestAdminIdGuards" name="test_delete_unknown_id_404[faqs]" time="0.029" /><testcase classname="tests.test_regression_iter2.TestAdminIdGuards" name="test_delete_unknown_id_404[reviews]" time="0.071" /><testcase classname="tests.test_regression_iter2.TestAdminIdGuards" name="test_delete_malformed_id_400[services]" time="0.078" /><testcase classname="tests.test_regression_iter2.TestAdminIdGuards" name="test_delete_malformed_id_400[faqs]" time="0.027" /><testcase classname="tests.test_regression_iter2.TestAdminIdGuards" name="test_delete_malformed_id_400[reviews]" time="0.070" /><testcase classname="tests.test_regression_iter2.TestPcCategoryImages" name="test_pc_categories_have_distinct_relevant_images" time="0.029" /><testcase classname="tests.test_regression_iter2.TestPcCategoryImages" name="test_ps5_and_pc_configurators_load" time="0.055" /></testsuite></testsuites>